<?xml version="1.0" encoding="UTF-8"?>
<!-- Generated by org.testng.reporters.JUnitXMLReporter -->
<testsuite hostname="DESKTOP-CN3CBMR" ignored="0" name="Default test" tests="3" failures="0" timestamp="30 Aug 2021 03:24:28 GMT" time="146.055" errors="0">
  <testcase name="laptest" time="2.943" classname="pack1.DDTFWtest"/>
  <testcase name="spktest" time="2.937" classname="pack1.DDTFWtest"/>
  <testcase name="tabtest" time="2.252" classname="pack1.DDTFWtest"/>
</testsuite> <!-- Default test -->
